{
  "/Users/remyjardinet/Documents/Sites/hackathon-sdp/apps/backoffice/src/components/features/AdminLayout.tsx": {
    "path": "/Users/remyjardinet/Documents/Sites/hackathon-sdp/apps/backoffice/src/components/features/AdminLayout.tsx",
    "all": false,
    "statementMap": {
      "0": { "start": { "line": 1, "column": 0 }, "end": { "line": 1, "column": 51 } },
      "3": { "start": { "line": 4, "column": 0 }, "end": { "line": 4, "column": 18 } },
      "4": { "start": { "line": 5, "column": 0 }, "end": { "line": 5, "column": 45 } },
      "5": { "start": { "line": 6, "column": 0 }, "end": { "line": 6, "column": 46 } },
      "6": { "start": { "line": 7, "column": 0 }, "end": { "line": 7, "column": 35 } },
      "7": { "start": { "line": 8, "column": 0 }, "end": { "line": 8, "column": 61 } },
      "8": { "start": { "line": 9, "column": 0 }, "end": { "line": 9, "column": 40 } },
      "9": { "start": { "line": 10, "column": 0 }, "end": { "line": 10, "column": 39 } },
      "10": { "start": { "line": 11, "column": 0 }, "end": { "line": 11, "column": 44 } },
      "11": { "start": { "line": 12, "column": 0 }, "end": { "line": 12, "column": 37 } },
      "12": { "start": { "line": 13, "column": 0 }, "end": { "line": 13, "column": 41 } },
      "13": { "start": { "line": 14, "column": 0 }, "end": { "line": 14, "column": 2 } },
      "15": { "start": { "line": 16, "column": 0 }, "end": { "line": 16, "column": 31 } },
      "16": { "start": { "line": 17, "column": 0 }, "end": { "line": 17, "column": 37 } },
      "18": { "start": { "line": 19, "column": 0 }, "end": { "line": 19, "column": 10 } },
      "19": { "start": { "line": 20, "column": 0 }, "end": { "line": 20, "column": 39 } },
      "20": { "start": { "line": 21, "column": 0 }, "end": { "line": 21, "column": 64 } },
      "21": { "start": { "line": 22, "column": 0 }, "end": { "line": 22, "column": 44 } },
      "22": { "start": { "line": 23, "column": 0 }, "end": { "line": 23, "column": 82 } },
      "23": { "start": { "line": 24, "column": 0 }, "end": { "line": 24, "column": 68 } },
      "24": { "start": { "line": 25, "column": 0 }, "end": { "line": 25, "column": 14 } },
      "25": { "start": { "line": 26, "column": 0 }, "end": { "line": 26, "column": 36 } },
      "26": { "start": { "line": 27, "column": 0 }, "end": { "line": 27, "column": 38 } },
      "27": { "start": { "line": 28, "column": 0 }, "end": { "line": 28, "column": 37 } },
      "28": { "start": { "line": 29, "column": 0 }, "end": { "line": 29, "column": 32 } },
      "29": { "start": { "line": 30, "column": 0 }, "end": { "line": 30, "column": 24 } },
      "30": { "start": { "line": 31, "column": 0 }, "end": { "line": 31, "column": 30 } },
      "31": { "start": { "line": 32, "column": 0 }, "end": { "line": 32, "column": 32 } },
      "32": { "start": { "line": 33, "column": 0 }, "end": { "line": 33, "column": 46 } },
      "33": { "start": { "line": 34, "column": 0 }, "end": { "line": 34, "column": 76 } },
      "34": { "start": { "line": 35, "column": 0 }, "end": { "line": 35, "column": 30 } },
      "35": { "start": { "line": 36, "column": 0 }, "end": { "line": 36, "column": 62 } },
      "36": { "start": { "line": 37, "column": 0 }, "end": { "line": 37, "column": 59 } },
      "37": { "start": { "line": 38, "column": 0 }, "end": { "line": 38, "column": 22 } },
      "40": { "start": { "line": 41, "column": 0 }, "end": { "line": 41, "column": 30 } },
      "41": { "start": { "line": 42, "column": 0 }, "end": { "line": 42, "column": 26 } },
      "42": { "start": { "line": 43, "column": 0 }, "end": { "line": 43, "column": 19 } },
      "43": { "start": { "line": 44, "column": 0 }, "end": { "line": 44, "column": 15 } },
      "44": { "start": { "line": 45, "column": 0 }, "end": { "line": 45, "column": 15 } },
      "45": { "start": { "line": 46, "column": 0 }, "end": { "line": 46, "column": 14 } },
      "47": { "start": { "line": 48, "column": 0 }, "end": { "line": 48, "column": 44 } },
      "48": { "start": { "line": 49, "column": 0 }, "end": { "line": 49, "column": 85 } },
      "49": { "start": { "line": 50, "column": 0 }, "end": { "line": 50, "column": 17 } },
      "50": { "start": { "line": 51, "column": 0 }, "end": { "line": 51, "column": 28 } },
      "51": { "start": { "line": 52, "column": 0 }, "end": { "line": 52, "column": 69 } },
      "52": { "start": { "line": 53, "column": 0 }, "end": { "line": 53, "column": 11 } },
      "54": { "start": { "line": 55, "column": 0 }, "end": { "line": 55, "column": 19 } },
      "55": { "start": { "line": 56, "column": 0 }, "end": { "line": 56, "column": 14 } },
      "56": { "start": { "line": 57, "column": 0 }, "end": { "line": 57, "column": 14 } },
      "58": { "start": { "line": 59, "column": 0 }, "end": { "line": 59, "column": 44 } },
      "59": { "start": { "line": 60, "column": 0 }, "end": { "line": 60, "column": 37 } },
      "60": { "start": { "line": 61, "column": 0 }, "end": { "line": 61, "column": 20 } },
      "61": { "start": { "line": 62, "column": 0 }, "end": { "line": 62, "column": 15 } },
      "62": { "start": { "line": 63, "column": 0 }, "end": { "line": 63, "column": 12 } },
      "63": { "start": { "line": 64, "column": 0 }, "end": { "line": 64, "column": 10 } },
      "65": { "start": { "line": 66, "column": 0 }, "end": { "line": 66, "column": 1 } }
    },
    "s": {
      "0": 1,
      "3": 1,
      "4": 1,
      "5": 1,
      "6": 1,
      "7": 1,
      "8": 1,
      "9": 1,
      "10": 1,
      "11": 1,
      "12": 1,
      "13": 1,
      "15": 1,
      "16": 1,
      "18": 1,
      "19": 1,
      "20": 1,
      "21": 1,
      "22": 1,
      "23": 1,
      "24": 1,
      "25": 1,
      "26": 1,
      "27": 1,
      "28": 9,
      "29": 9,
      "30": 9,
      "31": 9,
      "32": 9,
      "33": 9,
      "34": 9,
      "35": 1,
      "36": 8,
      "37": 9,
      "40": 9,
      "41": 9,
      "42": 9,
      "43": 1,
      "44": 1,
      "45": 1,
      "47": 1,
      "48": 1,
      "49": 1,
      "50": 1,
      "51": 1,
      "52": 1,
      "54": 1,
      "55": 1,
      "56": 1,
      "58": 1,
      "59": 1,
      "60": 1,
      "61": 1,
      "62": 1,
      "63": 1,
      "65": 1
    },
    "branchMap": {
      "0": {
        "type": "branch",
        "line": 16,
        "loc": { "start": { "line": 16, "column": 7 }, "end": { "line": 66, "column": 1 } },
        "locations": [{ "start": { "line": 16, "column": 7 }, "end": { "line": 66, "column": 1 } }]
      },
      "1": {
        "type": "branch",
        "line": 28,
        "loc": { "start": { "line": 28, "column": 26 }, "end": { "line": 43, "column": 19 } },
        "locations": [
          { "start": { "line": 28, "column": 26 }, "end": { "line": 43, "column": 19 } }
        ]
      },
      "2": {
        "type": "branch",
        "line": 33,
        "loc": { "start": { "line": 33, "column": 29 }, "end": { "line": 38, "column": 22 } },
        "locations": [
          { "start": { "line": 33, "column": 29 }, "end": { "line": 38, "column": 22 } }
        ]
      },
      "3": {
        "type": "branch",
        "line": 35,
        "loc": { "start": { "line": 35, "column": 22 }, "end": { "line": 36, "column": 62 } },
        "locations": [
          { "start": { "line": 35, "column": 22 }, "end": { "line": 36, "column": 62 } }
        ]
      },
      "4": {
        "type": "branch",
        "line": 36,
        "loc": { "start": { "line": 36, "column": 26 }, "end": { "line": 37, "column": 59 } },
        "locations": [
          { "start": { "line": 36, "column": 26 }, "end": { "line": 37, "column": 59 } }
        ]
      }
    },
    "b": { "0": [1], "1": [9], "2": [9], "3": [1], "4": [8] },
    "fnMap": {
      "0": {
        "name": "AdminLayout",
        "decl": { "start": { "line": 16, "column": 7 }, "end": { "line": 66, "column": 1 } },
        "loc": { "start": { "line": 16, "column": 7 }, "end": { "line": 66, "column": 1 } },
        "line": 16
      },
      "1": {
        "name": "className",
        "decl": { "start": { "line": 33, "column": 29 }, "end": { "line": 38, "column": 22 } },
        "loc": { "start": { "line": 33, "column": 29 }, "end": { "line": 38, "column": 22 } },
        "line": 33
      }
    },
    "f": { "0": 1, "1": 9 }
  },
  "/Users/remyjardinet/Documents/Sites/hackathon-sdp/apps/backoffice/src/components/features/RequireAdmin.tsx": {
    "path": "/Users/remyjardinet/Documents/Sites/hackathon-sdp/apps/backoffice/src/components/features/RequireAdmin.tsx",
    "all": false,
    "statementMap": {
      "0": { "start": { "line": 1, "column": 0 }, "end": { "line": 1, "column": 52 } },
      "3": { "start": { "line": 4, "column": 0 }, "end": { "line": 4, "column": 32 } },
      "4": { "start": { "line": 5, "column": 0 }, "end": { "line": 5, "column": 49 } },
      "5": { "start": { "line": 6, "column": 0 }, "end": { "line": 6, "column": 64 } },
      "6": { "start": { "line": 7, "column": 0 }, "end": { "line": 7, "column": 24 } },
      "7": { "start": { "line": 8, "column": 0 }, "end": { "line": 8, "column": 93 } },
      "9": { "start": { "line": 10, "column": 0 }, "end": { "line": 10, "column": 10 } },
      "11": { "start": { "line": 12, "column": 0 }, "end": { "line": 12, "column": 20 } },
      "12": { "start": { "line": 13, "column": 0 }, "end": { "line": 13, "column": 1 } }
    },
    "s": { "0": 1, "3": 1, "4": 3, "5": 3, "6": 2, "7": 1, "9": 1, "11": 1, "12": 1 },
    "branchMap": {
      "0": {
        "type": "branch",
        "line": 4,
        "loc": { "start": { "line": 4, "column": 7 }, "end": { "line": 13, "column": 1 } },
        "locations": [{ "start": { "line": 4, "column": 7 }, "end": { "line": 13, "column": 1 } }]
      },
      "1": {
        "type": "branch",
        "line": 6,
        "loc": { "start": { "line": 6, "column": 24 }, "end": { "line": 6, "column": 64 } },
        "locations": [{ "start": { "line": 6, "column": 24 }, "end": { "line": 6, "column": 64 } }]
      },
      "2": {
        "type": "branch",
        "line": 6,
        "loc": { "start": { "line": 6, "column": 61 }, "end": { "line": 7, "column": 24 } },
        "locations": [{ "start": { "line": 6, "column": 61 }, "end": { "line": 7, "column": 24 } }]
      },
      "3": {
        "type": "branch",
        "line": 7,
        "loc": { "start": { "line": 7, "column": 16 }, "end": { "line": 13, "column": 1 } },
        "locations": [{ "start": { "line": 7, "column": 16 }, "end": { "line": 13, "column": 1 } }]
      }
    },
    "b": { "0": [3], "1": [1], "2": [2], "3": [1] },
    "fnMap": {
      "0": {
        "name": "RequireAdmin",
        "decl": { "start": { "line": 4, "column": 7 }, "end": { "line": 13, "column": 1 } },
        "loc": { "start": { "line": 4, "column": 7 }, "end": { "line": 13, "column": 1 } },
        "line": 4
      }
    },
    "f": { "0": 3 }
  },
  "/Users/remyjardinet/Documents/Sites/hackathon-sdp/apps/backoffice/src/hooks/useAuth.ts": {
    "path": "/Users/remyjardinet/Documents/Sites/hackathon-sdp/apps/backoffice/src/hooks/useAuth.ts",
    "all": false,
    "statementMap": {
      "0": { "start": { "line": 1, "column": 0 }, "end": { "line": 1, "column": 55 } },
      "2": { "start": { "line": 3, "column": 0 }, "end": { "line": 3, "column": 43 } },
      "27": { "start": { "line": 28, "column": 0 }, "end": { "line": 28, "column": 68 } },
      "28": { "start": { "line": 29, "column": 0 }, "end": { "line": 29, "column": 7 } },
      "29": { "start": { "line": 30, "column": 0 }, "end": { "line": 30, "column": 35 } },
      "30": { "start": { "line": 31, "column": 0 }, "end": { "line": 31, "column": 40 } },
      "31": { "start": { "line": 32, "column": 0 }, "end": { "line": 32, "column": 64 } },
      "32": { "start": { "line": 33, "column": 0 }, "end": { "line": 33, "column": 78 } },
      "33": { "start": { "line": 34, "column": 0 }, "end": { "line": 34, "column": 50 } },
      "34": { "start": { "line": 35, "column": 0 }, "end": { "line": 35, "column": 11 } },
      "35": { "start": { "line": 36, "column": 0 }, "end": { "line": 36, "column": 16 } },
      "36": { "start": { "line": 37, "column": 0 }, "end": { "line": 37, "column": 3 } },
      "37": { "start": { "line": 38, "column": 0 }, "end": { "line": 38, "column": 1 } },
      "39": { "start": { "line": 40, "column": 0 }, "end": { "line": 40, "column": 53 } },
      "40": { "start": { "line": 41, "column": 0 }, "end": { "line": 41, "column": 53 } },
      "41": { "start": { "line": 42, "column": 0 }, "end": { "line": 42, "column": 1 } },
      "43": { "start": { "line": 44, "column": 0 }, "end": { "line": 44, "column": 42 } },
      "44": { "start": { "line": 45, "column": 0 }, "end": { "line": 45, "column": 81 } },
      "46": { "start": { "line": 47, "column": 0 }, "end": { "line": 47, "column": 47 } },
      "47": { "start": { "line": 48, "column": 0 }, "end": { "line": 48, "column": 28 } },
      "48": { "start": { "line": 49, "column": 0 }, "end": { "line": 49, "column": 44 } },
      "49": { "start": { "line": 50, "column": 0 }, "end": { "line": 50, "column": 56 } },
      "50": { "start": { "line": 51, "column": 0 }, "end": { "line": 51, "column": 12 } },
      "51": { "start": { "line": 52, "column": 0 }, "end": { "line": 52, "column": 27 } },
      "52": { "start": { "line": 53, "column": 0 }, "end": { "line": 53, "column": 41 } },
      "53": { "start": { "line": 54, "column": 0 }, "end": { "line": 54, "column": 27 } },
      "54": { "start": { "line": 55, "column": 0 }, "end": { "line": 55, "column": 35 } },
      "55": { "start": { "line": 56, "column": 0 }, "end": { "line": 56, "column": 6 } },
      "56": { "start": { "line": 57, "column": 0 }, "end": { "line": 57, "column": 14 } },
      "58": { "start": { "line": 59, "column": 0 }, "end": { "line": 59, "column": 36 } },
      "59": { "start": { "line": 60, "column": 0 }, "end": { "line": 60, "column": 44 } },
      "60": { "start": { "line": 61, "column": 0 }, "end": { "line": 61, "column": 19 } },
      "61": { "start": { "line": 62, "column": 0 }, "end": { "line": 62, "column": 36 } },
      "62": { "start": { "line": 63, "column": 0 }, "end": { "line": 63, "column": 9 } },
      "64": { "start": { "line": 65, "column": 0 }, "end": { "line": 65, "column": 10 } },
      "65": { "start": { "line": 66, "column": 0 }, "end": { "line": 66, "column": 9 } },
      "66": { "start": { "line": 67, "column": 0 }, "end": { "line": 67, "column": 35 } },
      "67": { "start": { "line": 68, "column": 0 }, "end": { "line": 68, "column": 52 } },
      "68": { "start": { "line": 69, "column": 0 }, "end": { "line": 69, "column": 11 } },
      "69": { "start": { "line": 70, "column": 0 }, "end": { "line": 70, "column": 4 } },
      "70": { "start": { "line": 71, "column": 0 }, "end": { "line": 71, "column": 1 } }
    },
    "s": {
      "0": 1,
      "2": 1,
      "27": 1,
      "28": 9,
      "29": 9,
      "30": 9,
      "31": 5,
      "32": 5,
      "33": 5,
      "34": 9,
      "35": 0,
      "36": 0,
      "37": 9,
      "39": 4,
      "40": 4,
      "41": 4,
      "43": 1,
      "44": 7,
      "46": 7,
      "47": 7,
      "48": 5,
      "49": 7,
      "50": 3,
      "51": 3,
      "52": 3,
      "53": 3,
      "54": 3,
      "55": 3,
      "56": 7,
      "58": 7,
      "59": 1,
      "60": 1,
      "61": 1,
      "62": 7,
      "64": 7,
      "65": 7,
      "66": 7,
      "67": 7,
      "68": 7,
      "69": 7,
      "70": 7
    },
    "branchMap": {
      "0": {
        "type": "branch",
        "line": 28,
        "loc": { "start": { "line": 28, "column": 7 }, "end": { "line": 38, "column": 1 } },
        "locations": [{ "start": { "line": 28, "column": 7 }, "end": { "line": 38, "column": 1 } }]
      },
      "1": {
        "type": "branch",
        "line": 31,
        "loc": { "start": { "line": 31, "column": 28 }, "end": { "line": 31, "column": 40 } },
        "locations": [
          { "start": { "line": 31, "column": 28 }, "end": { "line": 31, "column": 40 } }
        ]
      },
      "2": {
        "type": "branch",
        "line": 31,
        "loc": { "start": { "line": 31, "column": 35 }, "end": { "line": 35, "column": 10 } },
        "locations": [
          { "start": { "line": 31, "column": 35 }, "end": { "line": 35, "column": 10 } }
        ]
      },
      "3": {
        "type": "branch",
        "line": 35,
        "loc": { "start": { "line": 35, "column": 2 }, "end": { "line": 37, "column": 3 } },
        "locations": [{ "start": { "line": 35, "column": 2 }, "end": { "line": 37, "column": 3 } }]
      },
      "4": {
        "type": "branch",
        "line": 40,
        "loc": { "start": { "line": 40, "column": 0 }, "end": { "line": 42, "column": 1 } },
        "locations": [{ "start": { "line": 40, "column": 0 }, "end": { "line": 42, "column": 1 } }]
      },
      "5": {
        "type": "branch",
        "line": 44,
        "loc": { "start": { "line": 44, "column": 7 }, "end": { "line": 71, "column": 1 } },
        "locations": [{ "start": { "line": 44, "column": 7 }, "end": { "line": 71, "column": 1 } }]
      },
      "6": {
        "type": "branch",
        "line": 68,
        "loc": { "start": { "line": 68, "column": 13 }, "end": { "line": 68, "column": 25 } },
        "locations": [
          { "start": { "line": 68, "column": 13 }, "end": { "line": 68, "column": 25 } }
        ]
      },
      "7": {
        "type": "branch",
        "line": 68,
        "loc": { "start": { "line": 68, "column": 41 }, "end": { "line": 68, "column": 52 } },
        "locations": [
          { "start": { "line": 68, "column": 41 }, "end": { "line": 68, "column": 52 } }
        ]
      },
      "8": {
        "type": "branch",
        "line": 45,
        "loc": { "start": { "line": 45, "column": 37 }, "end": { "line": 45, "column": 79 } },
        "locations": [
          { "start": { "line": 45, "column": 37 }, "end": { "line": 45, "column": 79 } }
        ]
      },
      "9": {
        "type": "branch",
        "line": 47,
        "loc": { "start": { "line": 47, "column": 23 }, "end": { "line": 57, "column": 5 } },
        "locations": [{ "start": { "line": 47, "column": 23 }, "end": { "line": 57, "column": 5 } }]
      },
      "10": {
        "type": "branch",
        "line": 48,
        "loc": { "start": { "line": 48, "column": 16 }, "end": { "line": 48, "column": 28 } },
        "locations": [
          { "start": { "line": 48, "column": 16 }, "end": { "line": 48, "column": 28 } }
        ]
      },
      "11": {
        "type": "branch",
        "line": 48,
        "loc": { "start": { "line": 48, "column": 23 }, "end": { "line": 50, "column": 20 } },
        "locations": [
          { "start": { "line": 48, "column": 23 }, "end": { "line": 50, "column": 20 } }
        ]
      },
      "12": {
        "type": "branch",
        "line": 50,
        "loc": { "start": { "line": 50, "column": 9 }, "end": { "line": 50, "column": 44 } },
        "locations": [{ "start": { "line": 50, "column": 9 }, "end": { "line": 50, "column": 44 } }]
      },
      "13": {
        "type": "branch",
        "line": 50,
        "loc": { "start": { "line": 50, "column": 44 }, "end": { "line": 50, "column": 56 } },
        "locations": [
          { "start": { "line": 50, "column": 44 }, "end": { "line": 50, "column": 56 } }
        ]
      },
      "14": {
        "type": "branch",
        "line": 50,
        "loc": { "start": { "line": 50, "column": 51 }, "end": { "line": 56, "column": 6 } },
        "locations": [{ "start": { "line": 50, "column": 51 }, "end": { "line": 56, "column": 6 } }]
      },
      "15": {
        "type": "branch",
        "line": 59,
        "loc": { "start": { "line": 59, "column": 29 }, "end": { "line": 63, "column": 5 } },
        "locations": [{ "start": { "line": 59, "column": 29 }, "end": { "line": 63, "column": 5 } }]
      }
    },
    "b": {
      "0": [9],
      "1": [4],
      "2": [5],
      "3": [0],
      "4": [4],
      "5": [7],
      "6": [3],
      "7": [4],
      "8": [6],
      "9": [7],
      "10": [2],
      "11": [5],
      "12": [4],
      "13": [2],
      "14": [3],
      "15": [1]
    },
    "fnMap": {
      "0": {
        "name": "decodeJwtPayload",
        "decl": { "start": { "line": 28, "column": 7 }, "end": { "line": 38, "column": 1 } },
        "loc": { "start": { "line": 28, "column": 7 }, "end": { "line": 38, "column": 1 } },
        "line": 28
      },
      "1": {
        "name": "isTokenValid",
        "decl": { "start": { "line": 40, "column": 0 }, "end": { "line": 42, "column": 1 } },
        "loc": { "start": { "line": 40, "column": 0 }, "end": { "line": 42, "column": 1 } },
        "line": 40
      },
      "2": {
        "name": "useAuth",
        "decl": { "start": { "line": 44, "column": 7 }, "end": { "line": 71, "column": 1 } },
        "loc": { "start": { "line": 44, "column": 7 }, "end": { "line": 71, "column": 1 } },
        "line": 44
      }
    },
    "f": { "0": 9, "1": 4, "2": 7 }
  },
  "/Users/remyjardinet/Documents/Sites/hackathon-sdp/apps/backoffice/src/routes/roles/RolesPage.tsx": {
    "path": "/Users/remyjardinet/Documents/Sites/hackathon-sdp/apps/backoffice/src/routes/roles/RolesPage.tsx",
    "all": false,
    "statementMap": {
      "0": { "start": { "line": 1, "column": 0 }, "end": { "line": 1, "column": 33 } },
      "3": { "start": { "line": 4, "column": 0 }, "end": { "line": 4, "column": 53 } },
      "4": { "start": { "line": 5, "column": 0 }, "end": { "line": 5, "column": 42 } },
      "5": { "start": { "line": 6, "column": 0 }, "end": { "line": 6, "column": 10 } },
      "6": { "start": { "line": 7, "column": 0 }, "end": { "line": 7, "column": 9 } },
      "7": { "start": { "line": 8, "column": 0 }, "end": { "line": 8, "column": 85 } },
      "8": { "start": { "line": 9, "column": 0 }, "end": { "line": 9, "column": 82 } },
      "9": { "start": { "line": 10, "column": 0 }, "end": { "line": 10, "column": 9 } },
      "11": { "start": { "line": 12, "column": 0 }, "end": { "line": 12, "column": 40 } },
      "12": { "start": { "line": 13, "column": 0 }, "end": { "line": 13, "column": 11 } },
      "14": { "start": { "line": 15, "column": 0 }, "end": { "line": 15, "column": 1 } },
      "16": { "start": { "line": 17, "column": 0 }, "end": { "line": 17, "column": 23 } },
      "17": { "start": { "line": 18, "column": 0 }, "end": { "line": 18, "column": 12 } },
      "18": { "start": { "line": 19, "column": 0 }, "end": { "line": 19, "column": 16 } },
      "19": { "start": { "line": 20, "column": 0 }, "end": { "line": 20, "column": 11 } },
      "20": { "start": { "line": 21, "column": 0 }, "end": { "line": 21, "column": 12 } },
      "21": { "start": { "line": 22, "column": 0 }, "end": { "line": 22, "column": 4 } },
      "26": { "start": { "line": 27, "column": 0 }, "end": { "line": 27, "column": 4 } },
      "27": { "start": { "line": 28, "column": 0 }, "end": { "line": 28, "column": 52 } },
      "28": { "start": { "line": 29, "column": 0 }, "end": { "line": 29, "column": 48 } },
      "30": { "start": { "line": 31, "column": 0 }, "end": { "line": 31, "column": 26 } },
      "31": { "start": { "line": 32, "column": 0 }, "end": { "line": 32, "column": 12 } },
      "32": { "start": { "line": 33, "column": 0 }, "end": { "line": 33, "column": 69 } },
      "34": { "start": { "line": 35, "column": 0 }, "end": { "line": 35, "column": 3 } },
      "36": { "start": { "line": 37, "column": 0 }, "end": { "line": 37, "column": 10 } },
      "37": { "start": { "line": 38, "column": 0 }, "end": { "line": 38, "column": 11 } },
      "38": { "start": { "line": 39, "column": 0 }, "end": { "line": 39, "column": 24 } },
      "39": { "start": { "line": 40, "column": 0 }, "end": { "line": 40, "column": 26 } },
      "40": { "start": { "line": 41, "column": 0 }, "end": { "line": 41, "column": 89 } },
      "41": { "start": { "line": 42, "column": 0 }, "end": { "line": 42, "column": 15 } },
      "42": { "start": { "line": 43, "column": 0 }, "end": { "line": 43, "column": 60 } },
      "43": { "start": { "line": 44, "column": 0 }, "end": { "line": 44, "column": 66 } },
      "44": { "start": { "line": 45, "column": 0 }, "end": { "line": 45, "column": 9 } },
      "46": { "start": { "line": 47, "column": 0 }, "end": { "line": 47, "column": 72 } },
      "47": { "start": { "line": 48, "column": 0 }, "end": { "line": 48, "column": 13 } },
      "49": { "start": { "line": 50, "column": 0 }, "end": { "line": 50, "column": 1 } },
      "51": { "start": { "line": 52, "column": 0 }, "end": { "line": 52, "column": 29 } },
      "52": { "start": { "line": 53, "column": 0 }, "end": { "line": 53, "column": 72 } },
      "53": { "start": { "line": 54, "column": 0 }, "end": { "line": 54, "column": 39 } },
      "54": { "start": { "line": 55, "column": 0 }, "end": { "line": 55, "column": 66 } },
      "55": { "start": { "line": 56, "column": 0 }, "end": { "line": 56, "column": 74 } },
      "58": { "start": { "line": 59, "column": 0 }, "end": { "line": 59, "column": 47 } },
      "59": { "start": { "line": 60, "column": 0 }, "end": { "line": 60, "column": 9 } },
      "60": { "start": { "line": 61, "column": 0 }, "end": { "line": 61, "column": 55 } },
      "61": { "start": { "line": 62, "column": 0 }, "end": { "line": 62, "column": 30 } },
      "62": { "start": { "line": 63, "column": 0 }, "end": { "line": 63, "column": 77 } },
      "63": { "start": { "line": 64, "column": 0 }, "end": { "line": 64, "column": 73 } },
      "64": { "start": { "line": 65, "column": 0 }, "end": { "line": 65, "column": 42 } },
      "65": { "start": { "line": 66, "column": 0 }, "end": { "line": 66, "column": 13 } },
      "66": { "start": { "line": 67, "column": 0 }, "end": { "line": 67, "column": 18 } },
      "67": { "start": { "line": 68, "column": 0 }, "end": { "line": 68, "column": 5 } },
      "68": { "start": { "line": 69, "column": 0 }, "end": { "line": 69, "column": 7 } },
      "70": { "start": { "line": 71, "column": 0 }, "end": { "line": 71, "column": 50 } },
      "71": { "start": { "line": 72, "column": 0 }, "end": { "line": 72, "column": 54 } },
      "72": { "start": { "line": 73, "column": 0 }, "end": { "line": 73, "column": 28 } },
      "73": { "start": { "line": 74, "column": 0 }, "end": { "line": 74, "column": 52 } },
      "74": { "start": { "line": 75, "column": 0 }, "end": { "line": 75, "column": 38 } },
      "75": { "start": { "line": 76, "column": 0 }, "end": { "line": 76, "column": 31 } },
      "76": { "start": { "line": 77, "column": 0 }, "end": { "line": 77, "column": 30 } },
      "77": { "start": { "line": 78, "column": 0 }, "end": { "line": 78, "column": 3 } },
      "79": { "start": { "line": 80, "column": 0 }, "end": { "line": 80, "column": 28 } },
      "80": { "start": { "line": 81, "column": 0 }, "end": { "line": 81, "column": 60 } },
      "81": { "start": { "line": 82, "column": 0 }, "end": { "line": 82, "column": 23 } },
      "82": { "start": { "line": 83, "column": 0 }, "end": { "line": 83, "column": 45 } },
      "83": { "start": { "line": 84, "column": 0 }, "end": { "line": 84, "column": 74 } },
      "84": { "start": { "line": 85, "column": 0 }, "end": { "line": 85, "column": 6 } },
      "85": { "start": { "line": 86, "column": 0 }, "end": { "line": 86, "column": 3 } },
      "87": { "start": { "line": 88, "column": 0 }, "end": { "line": 88, "column": 18 } },
      "88": { "start": { "line": 89, "column": 0 }, "end": { "line": 89, "column": 12 } },
      "89": { "start": { "line": 90, "column": 0 }, "end": { "line": 90, "column": 75 } },
      "91": { "start": { "line": 92, "column": 0 }, "end": { "line": 92, "column": 12 } },
      "93": { "start": { "line": 94, "column": 0 }, "end": { "line": 94, "column": 3 } },
      "95": { "start": { "line": 96, "column": 0 }, "end": { "line": 96, "column": 16 } },
      "96": { "start": { "line": 97, "column": 0 }, "end": { "line": 97, "column": 12 } },
      "97": { "start": { "line": 98, "column": 0 }, "end": { "line": 98, "column": 40 } },
      "99": { "start": { "line": 100, "column": 0 }, "end": { "line": 100, "column": 12 } },
      "101": { "start": { "line": 102, "column": 0 }, "end": { "line": 102, "column": 3 } },
      "103": { "start": { "line": 104, "column": 0 }, "end": { "line": 104, "column": 10 } },
      "104": { "start": { "line": 105, "column": 0 }, "end": { "line": 105, "column": 25 } },
      "105": { "start": { "line": 106, "column": 0 }, "end": { "line": 106, "column": 79 } },
      "108": { "start": { "line": 109, "column": 0 }, "end": { "line": 109, "column": 30 } },
      "109": { "start": { "line": 110, "column": 0 }, "end": { "line": 110, "column": 89 } },
      "110": { "start": { "line": 111, "column": 0 }, "end": { "line": 111, "column": 87 } },
      "111": { "start": { "line": 112, "column": 0 }, "end": { "line": 112, "column": 43 } },
      "112": { "start": { "line": 113, "column": 0 }, "end": { "line": 113, "column": 57 } },
      "113": { "start": { "line": 114, "column": 0 }, "end": { "line": 114, "column": 84 } },
      "114": { "start": { "line": 115, "column": 0 }, "end": { "line": 115, "column": 16 } },
      "115": { "start": { "line": 116, "column": 0 }, "end": { "line": 116, "column": 54 } },
      "116": { "start": { "line": 117, "column": 0 }, "end": { "line": 117, "column": 57 } },
      "117": { "start": { "line": 118, "column": 0 }, "end": { "line": 118, "column": 16 } },
      "118": { "start": { "line": 119, "column": 0 }, "end": { "line": 119, "column": 52 } },
      "119": { "start": { "line": 120, "column": 0 }, "end": { "line": 120, "column": 21 } },
      "120": { "start": { "line": 121, "column": 0 }, "end": { "line": 121, "column": 78 } },
      "121": { "start": { "line": 122, "column": 0 }, "end": { "line": 122, "column": 84 } },
      "122": { "start": { "line": 123, "column": 0 }, "end": { "line": 123, "column": 15 } },
      "124": { "start": { "line": 125, "column": 0 }, "end": { "line": 125, "column": 23 } },
      "125": { "start": { "line": 126, "column": 0 }, "end": { "line": 126, "column": 21 } },
      "126": { "start": { "line": 127, "column": 0 }, "end": { "line": 127, "column": 39 } },
      "127": { "start": { "line": 128, "column": 0 }, "end": { "line": 128, "column": 48 } },
      "128": { "start": { "line": 129, "column": 0 }, "end": { "line": 129, "column": 126 } },
      "130": { "start": { "line": 131, "column": 0 }, "end": { "line": 131, "column": 70 } },
      "131": { "start": { "line": 132, "column": 0 }, "end": { "line": 132, "column": 23 } },
      "132": { "start": { "line": 133, "column": 0 }, "end": { "line": 133, "column": 18 } },
      "133": { "start": { "line": 134, "column": 0 }, "end": { "line": 134, "column": 16 } },
      "134": { "start": { "line": 135, "column": 0 }, "end": { "line": 135, "column": 14 } },
      "137": { "start": { "line": 138, "column": 0 }, "end": { "line": 138, "column": 73 } },
      "138": { "start": { "line": 139, "column": 0 }, "end": { "line": 139, "column": 42 } },
      "139": { "start": { "line": 140, "column": 0 }, "end": { "line": 140, "column": 17 } },
      "140": { "start": { "line": 141, "column": 0 }, "end": { "line": 141, "column": 118 } },
      "141": { "start": { "line": 142, "column": 0 }, "end": { "line": 142, "column": 55 } },
      "142": { "start": { "line": 143, "column": 0 }, "end": { "line": 143, "column": 50 } },
      "143": { "start": { "line": 144, "column": 0 }, "end": { "line": 144, "column": 56 } },
      "144": { "start": { "line": 145, "column": 0 }, "end": { "line": 145, "column": 51 } },
      "145": { "start": { "line": 146, "column": 0 }, "end": { "line": 146, "column": 17 } },
      "146": { "start": { "line": 147, "column": 0 }, "end": { "line": 147, "column": 18 } },
      "147": { "start": { "line": 148, "column": 0 }, "end": { "line": 148, "column": 17 } },
      "148": { "start": { "line": 149, "column": 0 }, "end": { "line": 149, "column": 36 } },
      "149": { "start": { "line": 150, "column": 0 }, "end": { "line": 150, "column": 17 } },
      "150": { "start": { "line": 151, "column": 0 }, "end": { "line": 151, "column": 26 } },
      "151": { "start": { "line": 152, "column": 0 }, "end": { "line": 152, "column": 82 } },
      "153": { "start": { "line": 154, "column": 0 }, "end": { "line": 154, "column": 54 } },
      "154": { "start": { "line": 155, "column": 0 }, "end": { "line": 155, "column": 46 } },
      "155": { "start": { "line": 156, "column": 0 }, "end": { "line": 156, "column": 21 } },
      "156": { "start": { "line": 157, "column": 0 }, "end": { "line": 157, "column": 70 } },
      "157": { "start": { "line": 158, "column": 0 }, "end": { "line": 158, "column": 42 } },
      "158": { "start": { "line": 159, "column": 0 }, "end": { "line": 159, "column": 48 } },
      "159": { "start": { "line": 160, "column": 0 }, "end": { "line": 160, "column": 21 } },
      "160": { "start": { "line": 161, "column": 0 }, "end": { "line": 161, "column": 42 } },
      "161": { "start": { "line": 162, "column": 0 }, "end": { "line": 162, "column": 31 } },
      "162": { "start": { "line": 163, "column": 0 }, "end": { "line": 163, "column": 33 } },
      "163": { "start": { "line": 164, "column": 0 }, "end": { "line": 164, "column": 49 } },
      "164": { "start": { "line": 165, "column": 0 }, "end": { "line": 165, "column": 52 } },
      "165": { "start": { "line": 166, "column": 0 }, "end": { "line": 166, "column": 75 } },
      "166": { "start": { "line": 167, "column": 0 }, "end": { "line": 167, "column": 20 } },
      "167": { "start": { "line": 168, "column": 0 }, "end": { "line": 168, "column": 21 } },
      "168": { "start": { "line": 169, "column": 0 }, "end": { "line": 169, "column": 19 } },
      "169": { "start": { "line": 170, "column": 0 }, "end": { "line": 170, "column": 15 } },
      "170": { "start": { "line": 171, "column": 0 }, "end": { "line": 171, "column": 41 } },
      "171": { "start": { "line": 172, "column": 0 }, "end": { "line": 172, "column": 18 } },
      "172": { "start": { "line": 173, "column": 0 }, "end": { "line": 173, "column": 80 } },
      "174": { "start": { "line": 175, "column": 0 }, "end": { "line": 175, "column": 21 } },
      "175": { "start": { "line": 176, "column": 0 }, "end": { "line": 176, "column": 19 } },
      "177": { "start": { "line": 178, "column": 0 }, "end": { "line": 178, "column": 18 } },
      "178": { "start": { "line": 179, "column": 0 }, "end": { "line": 179, "column": 16 } },
      "179": { "start": { "line": 180, "column": 0 }, "end": { "line": 180, "column": 12 } },
      "180": { "start": { "line": 181, "column": 0 }, "end": { "line": 181, "column": 10 } },
      "182": { "start": { "line": 183, "column": 0 }, "end": { "line": 183, "column": 1 } }
    },
    "s": {
      "0": 1,
      "3": 12,
      "4": 12,
      "5": 12,
      "6": 12,
      "7": 12,
      "8": 12,
      "9": 12,
      "11": 12,
      "12": 12,
      "14": 12,
      "16": 12,
      "17": 12,
      "18": 12,
      "19": 12,
      "20": 12,
      "21": 12,
      "26": 12,
      "27": 12,
      "28": 12,
      "30": 12,
      "31": 0,
      "32": 0,
      "34": 0,
      "36": 12,
      "37": 12,
      "38": 12,
      "39": 12,
      "40": 12,
      "41": 12,
      "42": 6,
      "43": 6,
      "44": 12,
      "46": 12,
      "47": 12,
      "49": 12,
      "51": 1,
      "52": 8,
      "53": 8,
      "54": 8,
      "55": 8,
      "58": 8,
      "59": 8,
      "60": 8,
      "61": 8,
      "62": 0,
      "63": 0,
      "64": 0,
      "65": 8,
      "66": 0,
      "67": 0,
      "68": 8,
      "70": 8,
      "71": 2,
      "72": 2,
      "73": 0,
      "74": 2,
      "75": 2,
      "76": 2,
      "77": 2,
      "79": 8,
      "80": 0,
      "81": 0,
      "82": 0,
      "83": 0,
      "84": 0,
      "85": 0,
      "87": 8,
      "88": 1,
      "89": 1,
      "91": 1,
      "93": 1,
      "95": 8,
      "96": 1,
      "97": 1,
      "99": 1,
      "101": 1,
      "103": 6,
      "104": 6,
      "105": 6,
      "108": 6,
      "109": 2,
      "110": 2,
      "111": 2,
      "112": 2,
      "113": 2,
      "114": 2,
      "115": 2,
      "116": 2,
      "117": 2,
      "118": 2,
      "119": 2,
      "120": 2,
      "121": 2,
      "122": 2,
      "124": 2,
      "125": 2,
      "126": 2,
      "127": 2,
      "128": 2,
      "130": 2,
      "131": 2,
      "132": 2,
      "133": 2,
      "134": 2,
      "137": 8,
      "138": 8,
      "139": 8,
      "140": 8,
      "141": 8,
      "142": 8,
      "143": 8,
      "144": 8,
      "145": 8,
      "146": 8,
      "147": 8,
      "148": 8,
      "149": 12,
      "150": 12,
      "151": 12,
      "153": 12,
      "154": 12,
      "155": 12,
      "156": 12,
      "157": 12,
      "158": 12,
      "159": 12,
      "160": 12,
      "161": 12,
      "162": 12,
      "163": 12,
      "164": 12,
      "165": 12,
      "166": 12,
      "167": 12,
      "168": 12,
      "169": 8,
      "170": 8,
      "171": 0,
      "172": 0,
      "174": 0,
      "175": 0,
      "177": 8,
      "178": 8,
      "179": 8,
      "180": 8,
      "182": 8
    },
    "branchMap": {
      "0": {
        "type": "branch",
        "line": 4,
        "loc": { "start": { "line": 4, "column": 0 }, "end": { "line": 15, "column": 1 } },
        "locations": [{ "start": { "line": 4, "column": 0 }, "end": { "line": 15, "column": 1 } }]
      },
      "1": {
        "type": "branch",
        "line": 9,
        "loc": { "start": { "line": 9, "column": 8 }, "end": { "line": 9, "column": 53 } },
        "locations": [{ "start": { "line": 9, "column": 8 }, "end": { "line": 9, "column": 53 } }]
      },
      "2": {
        "type": "branch",
        "line": 9,
        "loc": { "start": { "line": 9, "column": 18 }, "end": { "line": 9, "column": 82 } },
        "locations": [{ "start": { "line": 9, "column": 18 }, "end": { "line": 9, "column": 82 } }]
      },
      "3": {
        "type": "branch",
        "line": 12,
        "loc": { "start": { "line": 12, "column": 7 }, "end": { "line": 12, "column": 27 } },
        "locations": [{ "start": { "line": 12, "column": 7 }, "end": { "line": 12, "column": 27 } }]
      },
      "4": {
        "type": "branch",
        "line": 12,
        "loc": { "start": { "line": 12, "column": 17 }, "end": { "line": 12, "column": 40 } },
        "locations": [
          { "start": { "line": 12, "column": 17 }, "end": { "line": 12, "column": 40 } }
        ]
      },
      "5": {
        "type": "branch",
        "line": 17,
        "loc": { "start": { "line": 17, "column": 0 }, "end": { "line": 50, "column": 1 } },
        "locations": [{ "start": { "line": 17, "column": 0 }, "end": { "line": 50, "column": 1 } }]
      },
      "6": {
        "type": "branch",
        "line": 31,
        "loc": { "start": { "line": 31, "column": 6 }, "end": { "line": 31, "column": 25 } },
        "locations": [{ "start": { "line": 31, "column": 6 }, "end": { "line": 31, "column": 25 } }]
      },
      "7": {
        "type": "branch",
        "line": 31,
        "loc": { "start": { "line": 31, "column": 25 }, "end": { "line": 35, "column": 3 } },
        "locations": [{ "start": { "line": 31, "column": 25 }, "end": { "line": 35, "column": 3 } }]
      },
      "8": {
        "type": "branch",
        "line": 42,
        "loc": { "start": { "line": 42, "column": 8 }, "end": { "line": 43, "column": 60 } },
        "locations": [{ "start": { "line": 42, "column": 8 }, "end": { "line": 43, "column": 60 } }]
      },
      "9": {
        "type": "branch",
        "line": 43,
        "loc": { "start": { "line": 43, "column": 12 }, "end": { "line": 44, "column": 66 } },
        "locations": [
          { "start": { "line": 43, "column": 12 }, "end": { "line": 44, "column": 66 } }
        ]
      },
      "10": {
        "type": "branch",
        "line": 47,
        "loc": { "start": { "line": 47, "column": 7 }, "end": { "line": 47, "column": 25 } },
        "locations": [{ "start": { "line": 47, "column": 7 }, "end": { "line": 47, "column": 25 } }]
      },
      "11": {
        "type": "branch",
        "line": 47,
        "loc": { "start": { "line": 47, "column": 25 }, "end": { "line": 47, "column": 53 } },
        "locations": [
          { "start": { "line": 47, "column": 25 }, "end": { "line": 47, "column": 53 } }
        ]
      },
      "12": {
        "type": "branch",
        "line": 47,
        "loc": { "start": { "line": 47, "column": 35 }, "end": { "line": 47, "column": 72 } },
        "locations": [
          { "start": { "line": 47, "column": 35 }, "end": { "line": 47, "column": 72 } }
        ]
      },
      "13": {
        "type": "branch",
        "line": 52,
        "loc": { "start": { "line": 52, "column": 7 }, "end": { "line": 183, "column": 1 } },
        "locations": [{ "start": { "line": 52, "column": 7 }, "end": { "line": 183, "column": 1 } }]
      },
      "14": {
        "type": "branch",
        "line": 88,
        "loc": { "start": { "line": 88, "column": 17 }, "end": { "line": 94, "column": 3 } },
        "locations": [{ "start": { "line": 88, "column": 17 }, "end": { "line": 94, "column": 3 } }]
      },
      "15": {
        "type": "branch",
        "line": 94,
        "loc": { "start": { "line": 94, "column": 2 }, "end": { "line": 96, "column": 15 } },
        "locations": [{ "start": { "line": 94, "column": 2 }, "end": { "line": 96, "column": 15 } }]
      },
      "16": {
        "type": "branch",
        "line": 96,
        "loc": { "start": { "line": 96, "column": 15 }, "end": { "line": 102, "column": 3 } },
        "locations": [
          { "start": { "line": 96, "column": 15 }, "end": { "line": 102, "column": 3 } }
        ]
      },
      "17": {
        "type": "branch",
        "line": 102,
        "loc": { "start": { "line": 102, "column": 2 }, "end": { "line": 109, "column": 30 } },
        "locations": [
          { "start": { "line": 102, "column": 2 }, "end": { "line": 109, "column": 30 } }
        ]
      },
      "18": {
        "type": "branch",
        "line": 109,
        "loc": { "start": { "line": 109, "column": 21 }, "end": { "line": 135, "column": 14 } },
        "locations": [
          { "start": { "line": 109, "column": 21 }, "end": { "line": 135, "column": 14 } }
        ]
      },
      "19": {
        "type": "branch",
        "line": 131,
        "loc": { "start": { "line": 131, "column": 29 }, "end": { "line": 131, "column": 58 } },
        "locations": [
          { "start": { "line": 131, "column": 29 }, "end": { "line": 131, "column": 58 } }
        ]
      },
      "20": {
        "type": "branch",
        "line": 171,
        "loc": { "start": { "line": 171, "column": 35 }, "end": { "line": 176, "column": 19 } },
        "locations": [
          { "start": { "line": 171, "column": 35 }, "end": { "line": 176, "column": 19 } }
        ]
      },
      "21": {
        "type": "branch",
        "line": 59,
        "loc": { "start": { "line": 59, "column": 40 }, "end": { "line": 69, "column": 5 } },
        "locations": [{ "start": { "line": 59, "column": 40 }, "end": { "line": 69, "column": 5 } }]
      },
      "22": {
        "type": "branch",
        "line": 62,
        "loc": { "start": { "line": 62, "column": 25 }, "end": { "line": 65, "column": 42 } },
        "locations": [
          { "start": { "line": 62, "column": 25 }, "end": { "line": 65, "column": 42 } }
        ]
      },
      "23": {
        "type": "branch",
        "line": 66,
        "loc": { "start": { "line": 66, "column": 4 }, "end": { "line": 68, "column": 5 } },
        "locations": [{ "start": { "line": 66, "column": 4 }, "end": { "line": 68, "column": 5 } }]
      },
      "24": {
        "type": "branch",
        "line": 71,
        "loc": { "start": { "line": 71, "column": 2 }, "end": { "line": 78, "column": 3 } },
        "locations": [{ "start": { "line": 71, "column": 2 }, "end": { "line": 78, "column": 3 } }]
      },
      "25": {
        "type": "branch",
        "line": 73,
        "loc": { "start": { "line": 73, "column": 21 }, "end": { "line": 74, "column": 52 } },
        "locations": [
          { "start": { "line": 73, "column": 21 }, "end": { "line": 74, "column": 52 } }
        ]
      },
      "26": {
        "type": "branch",
        "line": 114,
        "loc": { "start": { "line": 114, "column": 39 }, "end": { "line": 114, "column": 64 } },
        "locations": [
          { "start": { "line": 114, "column": 39 }, "end": { "line": 114, "column": 64 } }
        ]
      },
      "27": {
        "type": "branch",
        "line": 121,
        "loc": { "start": { "line": 121, "column": 25 }, "end": { "line": 121, "column": 78 } },
        "locations": [
          { "start": { "line": 121, "column": 25 }, "end": { "line": 121, "column": 78 } }
        ]
      },
      "28": {
        "type": "branch",
        "line": 149,
        "loc": { "start": { "line": 149, "column": 28 }, "end": { "line": 169, "column": 19 } },
        "locations": [
          { "start": { "line": 149, "column": 28 }, "end": { "line": 169, "column": 19 } }
        ]
      },
      "29": {
        "type": "branch",
        "line": 166,
        "loc": { "start": { "line": 166, "column": 43 }, "end": { "line": 166, "column": 75 } },
        "locations": [
          { "start": { "line": 166, "column": 43 }, "end": { "line": 166, "column": 75 } }
        ]
      },
      "30": {
        "type": "branch",
        "line": 165,
        "loc": { "start": { "line": 165, "column": 30 }, "end": { "line": 165, "column": 52 } },
        "locations": [
          { "start": { "line": 165, "column": 30 }, "end": { "line": 165, "column": 52 } }
        ]
      }
    },
    "b": {
      "0": [12],
      "1": [6],
      "2": [6],
      "3": [6],
      "4": [6],
      "5": [12],
      "6": [0],
      "7": [0],
      "8": [6],
      "9": [6],
      "10": [0],
      "11": [6],
      "12": [6],
      "13": [8],
      "14": [1],
      "15": [7],
      "16": [1],
      "17": [6],
      "18": [2],
      "19": [0],
      "20": [0],
      "21": [8],
      "22": [0],
      "23": [0],
      "24": [2],
      "25": [0],
      "26": [4],
      "27": [1],
      "28": [12],
      "29": [0],
      "30": [2]
    },
    "fnMap": {
      "0": {
        "name": "RolesBadge",
        "decl": { "start": { "line": 4, "column": 0 }, "end": { "line": 15, "column": 1 } },
        "loc": { "start": { "line": 4, "column": 0 }, "end": { "line": 15, "column": 1 } },
        "line": 4
      },
      "1": {
        "name": "ToggleButton",
        "decl": { "start": { "line": 17, "column": 0 }, "end": { "line": 50, "column": 1 } },
        "loc": { "start": { "line": 17, "column": 0 }, "end": { "line": 50, "column": 1 } },
        "line": 17
      },
      "2": {
        "name": "RolesPage",
        "decl": { "start": { "line": 52, "column": 7 }, "end": { "line": 183, "column": 1 } },
        "loc": { "start": { "line": 52, "column": 7 }, "end": { "line": 183, "column": 1 } },
        "line": 52
      },
      "3": {
        "name": "handleToggle",
        "decl": { "start": { "line": 71, "column": 2 }, "end": { "line": 78, "column": 3 } },
        "loc": { "start": { "line": 71, "column": 2 }, "end": { "line": 78, "column": 3 } },
        "line": 71
      },
      "4": {
        "name": "confirmToggle",
        "decl": { "start": { "line": 80, "column": 2 }, "end": { "line": 86, "column": 3 } },
        "loc": { "start": { "line": 80, "column": 2 }, "end": { "line": 86, "column": 3 } },
        "line": 80
      },
      "5": {
        "name": "onClick",
        "decl": { "start": { "line": 121, "column": 25 }, "end": { "line": 121, "column": 78 } },
        "loc": { "start": { "line": 121, "column": 25 }, "end": { "line": 121, "column": 78 } },
        "line": 121
      },
      "6": {
        "name": "onToggle",
        "decl": { "start": { "line": 165, "column": 30 }, "end": { "line": 165, "column": 52 } },
        "loc": { "start": { "line": 165, "column": 30 }, "end": { "line": 165, "column": 52 } },
        "line": 165
      }
    },
    "f": { "0": 12, "1": 12, "2": 8, "3": 2, "4": 0, "5": 1, "6": 2 }
  }
}
